2022-2022-05 10:51 [WARN][HikariPool-1 housekeeper][c.z.h.p.HikariPool:788] HikariPool-1 - Thread starvation or clock leap detected (housekeeper delta=17h41m27s414ms470µs300ns).
2022-2022-05 11:10 [INFO][restartedMain][c.b.a.AddressBookSpringBootApplication:55] Starting AddressBookSpringBootApplication using Java 17.0.1 on DESKTOP-6V1G0JA with PID 6572 (C:\Users\Admin\IdeaProjects\AddressBook-SpringBoot\target\classes started by root in C:\Users\Admin\IdeaProjects\AddressBook-SpringBoot)
2022-2022-05 11:10 [DEBUG][restartedMain][c.b.a.AddressBookSpringBootApplication:56] Running with Spring Boot v2.7.0, Spring v5.3.20
2022-2022-05 11:10 [INFO][restartedMain][c.b.a.AddressBookSpringBootApplication:640] The following 1 profile is active: "dev"
2022-2022-05 11:10 [WARN][restartedMain][o.s.b.a.o.j.JpaBaseConfiguration$JpaWebConfiguration:219] spring.jpa.open-in-view is enabled by default. Therefore, database queries may be performed during view rendering. Explicitly configure spring.jpa.open-in-view to disable this warning
2022-2022-05 11:10 [WARN][restartedMain][o.s.b.a.t.ThymeleafAutoConfiguration$DefaultTemplateResolverConfiguration:103] Cannot find template location: classpath:/templates/ (please add some templates or check your Thymeleaf configuration)
2022-2022-05 11:10 [INFO][restartedMain][c.b.a.AddressBookSpringBootApplication:61] Started AddressBookSpringBootApplication in 7.575 seconds (JVM running for 13.424)
2022-2022-05 11:10 [INFO][restartedMain][c.b.a.AddressBookSpringBootApplication:14] Address Book Application Started in DEV Environment
2022-2022-05 11:56 [INFO][restartedMain][c.b.a.AddressBookSpringBootApplication:55] Starting AddressBookSpringBootApplication using Java 17.0.1 on DESKTOP-6V1G0JA with PID 6284 (C:\Users\Admin\IdeaProjects\AddressBook-SpringBoot\target\classes started by root in C:\Users\Admin\IdeaProjects\AddressBook-SpringBoot)
2022-2022-05 11:56 [DEBUG][restartedMain][c.b.a.AddressBookSpringBootApplication:56] Running with Spring Boot v2.7.0, Spring v5.3.20
2022-2022-05 11:56 [INFO][restartedMain][c.b.a.AddressBookSpringBootApplication:640] The following 1 profile is active: "dev"
2022-2022-05 11:56 [WARN][restartedMain][o.s.b.a.o.j.JpaBaseConfiguration$JpaWebConfiguration:219] spring.jpa.open-in-view is enabled by default. Therefore, database queries may be performed during view rendering. Explicitly configure spring.jpa.open-in-view to disable this warning
2022-2022-05 11:56 [WARN][restartedMain][o.s.b.a.t.ThymeleafAutoConfiguration$DefaultTemplateResolverConfiguration:103] Cannot find template location: classpath:/templates/ (please add some templates or check your Thymeleaf configuration)
2022-2022-05 11:56 [INFO][restartedMain][c.b.a.AddressBookSpringBootApplication:61] Started AddressBookSpringBootApplication in 6.559 seconds (JVM running for 8.145)
2022-2022-05 11:56 [INFO][restartedMain][c.b.a.AddressBookSpringBootApplication:14] Address Book Application Started in DEV Environment
2022-2022-05 11:58 [INFO][restartedMain][c.b.a.AddressBookSpringBootApplication:55] Starting AddressBookSpringBootApplication using Java 17.0.1 on DESKTOP-6V1G0JA with PID 9732 (C:\Users\Admin\IdeaProjects\AddressBook-SpringBoot\target\classes started by root in C:\Users\Admin\IdeaProjects\AddressBook-SpringBoot)
2022-2022-05 11:58 [DEBUG][restartedMain][c.b.a.AddressBookSpringBootApplication:56] Running with Spring Boot v2.7.0, Spring v5.3.20
2022-2022-05 11:58 [INFO][restartedMain][c.b.a.AddressBookSpringBootApplication:640] The following 1 profile is active: "dev"
2022-2022-05 11:58 [WARN][restartedMain][o.s.b.a.o.j.JpaBaseConfiguration$JpaWebConfiguration:219] spring.jpa.open-in-view is enabled by default. Therefore, database queries may be performed during view rendering. Explicitly configure spring.jpa.open-in-view to disable this warning
2022-2022-05 11:58 [WARN][restartedMain][o.s.b.a.t.ThymeleafAutoConfiguration$DefaultTemplateResolverConfiguration:103] Cannot find template location: classpath:/templates/ (please add some templates or check your Thymeleaf configuration)
2022-2022-05 11:58 [INFO][restartedMain][c.b.a.AddressBookSpringBootApplication:61] Started AddressBookSpringBootApplication in 6.113 seconds (JVM running for 7.557)
2022-2022-05 11:58 [INFO][restartedMain][c.b.a.AddressBookSpringBootApplication:14] Address Book Application Started in DEV Environment
